ARM GAS  /tmp/cccr4cqd.s 			page 1


   1              		.cpu cortex-m0plus
   2              		.eabi_attribute 20, 1
   3              		.eabi_attribute 21, 1
   4              		.eabi_attribute 23, 3
   5              		.eabi_attribute 24, 1
   6              		.eabi_attribute 25, 1
   7              		.eabi_attribute 26, 1
   8              		.eabi_attribute 30, 1
   9              		.eabi_attribute 34, 0
  10              		.eabi_attribute 18, 4
  11              		.file	"stm32l0xx_hal_msp.c"
  12              		.text
  13              	.Ltext0:
  14              		.cfi_sections	.debug_frame
  15              		.section	.text.HAL_MspInit,"ax",%progbits
  16              		.align	1
  17              		.global	HAL_MspInit
  18              		.arch armv6s-m
  19              		.syntax unified
  20              		.code	16
  21              		.thumb_func
  22              		.fpu softvfp
  24              	HAL_MspInit:
  25              	.LFB34:
  26              		.file 1 "Src/stm32l0xx_hal_msp.c"
   1:Src/stm32l0xx_hal_msp.c **** /* USER CODE BEGIN Header */
   2:Src/stm32l0xx_hal_msp.c **** /**
   3:Src/stm32l0xx_hal_msp.c ****   ******************************************************************************
   4:Src/stm32l0xx_hal_msp.c ****   * File Name          : stm32l0xx_hal_msp.c
   5:Src/stm32l0xx_hal_msp.c ****   * Description        : This file provides code for the MSP Initialization 
   6:Src/stm32l0xx_hal_msp.c ****   *                      and de-Initialization codes.
   7:Src/stm32l0xx_hal_msp.c ****   ******************************************************************************
   8:Src/stm32l0xx_hal_msp.c ****   * @attention
   9:Src/stm32l0xx_hal_msp.c ****   *
  10:Src/stm32l0xx_hal_msp.c ****   * <h2><center>&copy; Copyright (c) 2020 STMicroelectronics.
  11:Src/stm32l0xx_hal_msp.c ****   * All rights reserved.</center></h2>
  12:Src/stm32l0xx_hal_msp.c ****   *
  13:Src/stm32l0xx_hal_msp.c ****   * This software component is licensed by ST under BSD 3-Clause license,
  14:Src/stm32l0xx_hal_msp.c ****   * the "License"; You may not use this file except in compliance with the
  15:Src/stm32l0xx_hal_msp.c ****   * License. You may obtain a copy of the License at:
  16:Src/stm32l0xx_hal_msp.c ****   *                        opensource.org/licenses/BSD-3-Clause
  17:Src/stm32l0xx_hal_msp.c ****   *
  18:Src/stm32l0xx_hal_msp.c ****   ******************************************************************************
  19:Src/stm32l0xx_hal_msp.c ****   */
  20:Src/stm32l0xx_hal_msp.c **** /* USER CODE END Header */
  21:Src/stm32l0xx_hal_msp.c **** 
  22:Src/stm32l0xx_hal_msp.c **** /* Includes ------------------------------------------------------------------*/
  23:Src/stm32l0xx_hal_msp.c **** #include "main.h"
  24:Src/stm32l0xx_hal_msp.c **** /* USER CODE BEGIN Includes */
  25:Src/stm32l0xx_hal_msp.c **** 
  26:Src/stm32l0xx_hal_msp.c **** /* USER CODE END Includes */
  27:Src/stm32l0xx_hal_msp.c **** 
  28:Src/stm32l0xx_hal_msp.c **** /* Private typedef -----------------------------------------------------------*/
  29:Src/stm32l0xx_hal_msp.c **** /* USER CODE BEGIN TD */
  30:Src/stm32l0xx_hal_msp.c **** 
  31:Src/stm32l0xx_hal_msp.c **** /* USER CODE END TD */
  32:Src/stm32l0xx_hal_msp.c **** 
ARM GAS  /tmp/cccr4cqd.s 			page 2


  33:Src/stm32l0xx_hal_msp.c **** /* Private define ------------------------------------------------------------*/
  34:Src/stm32l0xx_hal_msp.c **** /* USER CODE BEGIN Define */
  35:Src/stm32l0xx_hal_msp.c ****  
  36:Src/stm32l0xx_hal_msp.c **** /* USER CODE END Define */
  37:Src/stm32l0xx_hal_msp.c **** 
  38:Src/stm32l0xx_hal_msp.c **** /* Private macro -------------------------------------------------------------*/
  39:Src/stm32l0xx_hal_msp.c **** /* USER CODE BEGIN Macro */
  40:Src/stm32l0xx_hal_msp.c **** 
  41:Src/stm32l0xx_hal_msp.c **** /* USER CODE END Macro */
  42:Src/stm32l0xx_hal_msp.c **** 
  43:Src/stm32l0xx_hal_msp.c **** /* Private variables ---------------------------------------------------------*/
  44:Src/stm32l0xx_hal_msp.c **** /* USER CODE BEGIN PV */
  45:Src/stm32l0xx_hal_msp.c **** 
  46:Src/stm32l0xx_hal_msp.c **** /* USER CODE END PV */
  47:Src/stm32l0xx_hal_msp.c **** 
  48:Src/stm32l0xx_hal_msp.c **** /* Private function prototypes -----------------------------------------------*/
  49:Src/stm32l0xx_hal_msp.c **** /* USER CODE BEGIN PFP */
  50:Src/stm32l0xx_hal_msp.c **** 
  51:Src/stm32l0xx_hal_msp.c **** /* USER CODE END PFP */
  52:Src/stm32l0xx_hal_msp.c **** 
  53:Src/stm32l0xx_hal_msp.c **** /* External functions --------------------------------------------------------*/
  54:Src/stm32l0xx_hal_msp.c **** /* USER CODE BEGIN ExternalFunctions */
  55:Src/stm32l0xx_hal_msp.c **** 
  56:Src/stm32l0xx_hal_msp.c **** /* USER CODE END ExternalFunctions */
  57:Src/stm32l0xx_hal_msp.c **** 
  58:Src/stm32l0xx_hal_msp.c **** /* USER CODE BEGIN 0 */
  59:Src/stm32l0xx_hal_msp.c **** 
  60:Src/stm32l0xx_hal_msp.c **** /* USER CODE END 0 */
  61:Src/stm32l0xx_hal_msp.c **** /**
  62:Src/stm32l0xx_hal_msp.c ****   * Initializes the Global MSP.
  63:Src/stm32l0xx_hal_msp.c ****   */
  64:Src/stm32l0xx_hal_msp.c **** void HAL_MspInit(void)
  65:Src/stm32l0xx_hal_msp.c **** {
  27              		.loc 1 65 1 view -0
  28              		.cfi_startproc
  29              		@ args = 0, pretend = 0, frame = 0
  30              		@ frame_needed = 0, uses_anonymous_args = 0
  31              		@ link register save eliminated.
  66:Src/stm32l0xx_hal_msp.c ****   /* USER CODE BEGIN MspInit 0 */
  67:Src/stm32l0xx_hal_msp.c **** 
  68:Src/stm32l0xx_hal_msp.c ****   /* USER CODE END MspInit 0 */
  69:Src/stm32l0xx_hal_msp.c **** 
  70:Src/stm32l0xx_hal_msp.c ****   __HAL_RCC_SYSCFG_CLK_ENABLE();
  32              		.loc 1 70 3 view .LVU1
  33 0000 054B     		ldr	r3, .L2
  34 0002 5A6B     		ldr	r2, [r3, #52]
  35 0004 0121     		movs	r1, #1
  36 0006 0A43     		orrs	r2, r1
  37 0008 5A63     		str	r2, [r3, #52]
  71:Src/stm32l0xx_hal_msp.c ****   __HAL_RCC_PWR_CLK_ENABLE();
  38              		.loc 1 71 3 view .LVU2
  39 000a 996B     		ldr	r1, [r3, #56]
  40 000c 8022     		movs	r2, #128
  41 000e 5205     		lsls	r2, r2, #21
  42 0010 0A43     		orrs	r2, r1
  43 0012 9A63     		str	r2, [r3, #56]
  72:Src/stm32l0xx_hal_msp.c **** 
ARM GAS  /tmp/cccr4cqd.s 			page 3


  73:Src/stm32l0xx_hal_msp.c ****   /* System interrupt init*/
  74:Src/stm32l0xx_hal_msp.c **** 
  75:Src/stm32l0xx_hal_msp.c ****   /* USER CODE BEGIN MspInit 1 */
  76:Src/stm32l0xx_hal_msp.c **** 
  77:Src/stm32l0xx_hal_msp.c ****   /* USER CODE END MspInit 1 */
  78:Src/stm32l0xx_hal_msp.c **** }
  44              		.loc 1 78 1 is_stmt 0 view .LVU3
  45              		@ sp needed
  46 0014 7047     		bx	lr
  47              	.L3:
  48 0016 C046     		.align	2
  49              	.L2:
  50 0018 00100240 		.word	1073876992
  51              		.cfi_endproc
  52              	.LFE34:
  54              		.section	.text.HAL_UART_MspInit,"ax",%progbits
  55              		.align	1
  56              		.global	HAL_UART_MspInit
  57              		.syntax unified
  58              		.code	16
  59              		.thumb_func
  60              		.fpu softvfp
  62              	HAL_UART_MspInit:
  63              	.LVL0:
  64              	.LFB35:
  79:Src/stm32l0xx_hal_msp.c **** 
  80:Src/stm32l0xx_hal_msp.c **** /**
  81:Src/stm32l0xx_hal_msp.c **** * @brief UART MSP Initialization
  82:Src/stm32l0xx_hal_msp.c **** * This function configures the hardware resources used in this example
  83:Src/stm32l0xx_hal_msp.c **** * @param huart: UART handle pointer
  84:Src/stm32l0xx_hal_msp.c **** * @retval None
  85:Src/stm32l0xx_hal_msp.c **** */
  86:Src/stm32l0xx_hal_msp.c **** void HAL_UART_MspInit(UART_HandleTypeDef* huart)
  87:Src/stm32l0xx_hal_msp.c **** {
  65              		.loc 1 87 1 is_stmt 1 view -0
  66              		.cfi_startproc
  67              		@ args = 0, pretend = 0, frame = 24
  68              		@ frame_needed = 0, uses_anonymous_args = 0
  69              		.loc 1 87 1 is_stmt 0 view .LVU5
  70 0000 10B5     		push	{r4, lr}
  71              	.LCFI0:
  72              		.cfi_def_cfa_offset 8
  73              		.cfi_offset 4, -8
  74              		.cfi_offset 14, -4
  75 0002 86B0     		sub	sp, sp, #24
  76              	.LCFI1:
  77              		.cfi_def_cfa_offset 32
  78 0004 0400     		movs	r4, r0
  88:Src/stm32l0xx_hal_msp.c ****   GPIO_InitTypeDef GPIO_InitStruct = {0};
  79              		.loc 1 88 3 is_stmt 1 view .LVU6
  80              		.loc 1 88 20 is_stmt 0 view .LVU7
  81 0006 1422     		movs	r2, #20
  82 0008 0021     		movs	r1, #0
  83 000a 01A8     		add	r0, sp, #4
  84              	.LVL1:
  85              		.loc 1 88 20 view .LVU8
  86 000c FFF7FEFF 		bl	memset
ARM GAS  /tmp/cccr4cqd.s 			page 4


  87              	.LVL2:
  89:Src/stm32l0xx_hal_msp.c ****   if(huart->Instance==USART2)
  88              		.loc 1 89 3 is_stmt 1 view .LVU9
  89              		.loc 1 89 11 is_stmt 0 view .LVU10
  90 0010 2268     		ldr	r2, [r4]
  91              		.loc 1 89 5 view .LVU11
  92 0012 104B     		ldr	r3, .L7
  93 0014 9A42     		cmp	r2, r3
  94 0016 01D0     		beq	.L6
  95              	.L4:
  90:Src/stm32l0xx_hal_msp.c ****   {
  91:Src/stm32l0xx_hal_msp.c ****   /* USER CODE BEGIN USART2_MspInit 0 */
  92:Src/stm32l0xx_hal_msp.c **** 
  93:Src/stm32l0xx_hal_msp.c ****   /* USER CODE END USART2_MspInit 0 */
  94:Src/stm32l0xx_hal_msp.c ****     /* Peripheral clock enable */
  95:Src/stm32l0xx_hal_msp.c ****     __HAL_RCC_USART2_CLK_ENABLE();
  96:Src/stm32l0xx_hal_msp.c ****   
  97:Src/stm32l0xx_hal_msp.c ****     __HAL_RCC_GPIOA_CLK_ENABLE();
  98:Src/stm32l0xx_hal_msp.c ****     /**USART2 GPIO Configuration    
  99:Src/stm32l0xx_hal_msp.c ****     PA2     ------> USART2_TX
 100:Src/stm32l0xx_hal_msp.c ****     PA15     ------> USART2_RX 
 101:Src/stm32l0xx_hal_msp.c ****     */
 102:Src/stm32l0xx_hal_msp.c ****     GPIO_InitStruct.Pin = VCP_TX_Pin|VCP_RX_Pin;
 103:Src/stm32l0xx_hal_msp.c ****     GPIO_InitStruct.Mode = GPIO_MODE_AF_PP;
 104:Src/stm32l0xx_hal_msp.c ****     GPIO_InitStruct.Pull = GPIO_NOPULL;
 105:Src/stm32l0xx_hal_msp.c ****     GPIO_InitStruct.Speed = GPIO_SPEED_FREQ_VERY_HIGH;
 106:Src/stm32l0xx_hal_msp.c ****     GPIO_InitStruct.Alternate = GPIO_AF4_USART2;
 107:Src/stm32l0xx_hal_msp.c ****     HAL_GPIO_Init(GPIOA, &GPIO_InitStruct);
 108:Src/stm32l0xx_hal_msp.c **** 
 109:Src/stm32l0xx_hal_msp.c ****   /* USER CODE BEGIN USART2_MspInit 1 */
 110:Src/stm32l0xx_hal_msp.c **** 
 111:Src/stm32l0xx_hal_msp.c ****   /* USER CODE END USART2_MspInit 1 */
 112:Src/stm32l0xx_hal_msp.c ****   }
 113:Src/stm32l0xx_hal_msp.c **** 
 114:Src/stm32l0xx_hal_msp.c **** }
  96              		.loc 1 114 1 view .LVU12
  97 0018 06B0     		add	sp, sp, #24
  98              		@ sp needed
  99              	.LVL3:
 100              		.loc 1 114 1 view .LVU13
 101 001a 10BD     		pop	{r4, pc}
 102              	.LVL4:
 103              	.L6:
  95:Src/stm32l0xx_hal_msp.c ****   
 104              		.loc 1 95 5 is_stmt 1 view .LVU14
 105 001c 0E4B     		ldr	r3, .L7+4
 106 001e 996B     		ldr	r1, [r3, #56]
 107 0020 8022     		movs	r2, #128
 108 0022 9202     		lsls	r2, r2, #10
 109 0024 0A43     		orrs	r2, r1
 110 0026 9A63     		str	r2, [r3, #56]
  97:Src/stm32l0xx_hal_msp.c ****     /**USART2 GPIO Configuration    
 111              		.loc 1 97 5 view .LVU15
 112              	.LBB2:
  97:Src/stm32l0xx_hal_msp.c ****     /**USART2 GPIO Configuration    
 113              		.loc 1 97 5 view .LVU16
  97:Src/stm32l0xx_hal_msp.c ****     /**USART2 GPIO Configuration    
ARM GAS  /tmp/cccr4cqd.s 			page 5


 114              		.loc 1 97 5 view .LVU17
 115 0028 D96A     		ldr	r1, [r3, #44]
 116 002a 0122     		movs	r2, #1
 117 002c 1143     		orrs	r1, r2
 118 002e D962     		str	r1, [r3, #44]
  97:Src/stm32l0xx_hal_msp.c ****     /**USART2 GPIO Configuration    
 119              		.loc 1 97 5 view .LVU18
 120 0030 DB6A     		ldr	r3, [r3, #44]
 121 0032 1A40     		ands	r2, r3
 122 0034 0092     		str	r2, [sp]
  97:Src/stm32l0xx_hal_msp.c ****     /**USART2 GPIO Configuration    
 123              		.loc 1 97 5 view .LVU19
 124 0036 009B     		ldr	r3, [sp]
 125              	.LBE2:
  97:Src/stm32l0xx_hal_msp.c ****     /**USART2 GPIO Configuration    
 126              		.loc 1 97 5 view .LVU20
 102:Src/stm32l0xx_hal_msp.c ****     GPIO_InitStruct.Mode = GPIO_MODE_AF_PP;
 127              		.loc 1 102 5 view .LVU21
 102:Src/stm32l0xx_hal_msp.c ****     GPIO_InitStruct.Mode = GPIO_MODE_AF_PP;
 128              		.loc 1 102 25 is_stmt 0 view .LVU22
 129 0038 084B     		ldr	r3, .L7+8
 130 003a 0193     		str	r3, [sp, #4]
 103:Src/stm32l0xx_hal_msp.c ****     GPIO_InitStruct.Pull = GPIO_NOPULL;
 131              		.loc 1 103 5 is_stmt 1 view .LVU23
 103:Src/stm32l0xx_hal_msp.c ****     GPIO_InitStruct.Pull = GPIO_NOPULL;
 132              		.loc 1 103 26 is_stmt 0 view .LVU24
 133 003c 0223     		movs	r3, #2
 134 003e 0293     		str	r3, [sp, #8]
 104:Src/stm32l0xx_hal_msp.c ****     GPIO_InitStruct.Speed = GPIO_SPEED_FREQ_VERY_HIGH;
 135              		.loc 1 104 5 is_stmt 1 view .LVU25
 105:Src/stm32l0xx_hal_msp.c ****     GPIO_InitStruct.Alternate = GPIO_AF4_USART2;
 136              		.loc 1 105 5 view .LVU26
 105:Src/stm32l0xx_hal_msp.c ****     GPIO_InitStruct.Alternate = GPIO_AF4_USART2;
 137              		.loc 1 105 27 is_stmt 0 view .LVU27
 138 0040 0133     		adds	r3, r3, #1
 139 0042 0493     		str	r3, [sp, #16]
 106:Src/stm32l0xx_hal_msp.c ****     HAL_GPIO_Init(GPIOA, &GPIO_InitStruct);
 140              		.loc 1 106 5 is_stmt 1 view .LVU28
 106:Src/stm32l0xx_hal_msp.c ****     HAL_GPIO_Init(GPIOA, &GPIO_InitStruct);
 141              		.loc 1 106 31 is_stmt 0 view .LVU29
 142 0044 0133     		adds	r3, r3, #1
 143 0046 0593     		str	r3, [sp, #20]
 107:Src/stm32l0xx_hal_msp.c **** 
 144              		.loc 1 107 5 is_stmt 1 view .LVU30
 145 0048 A020     		movs	r0, #160
 146 004a 01A9     		add	r1, sp, #4
 147 004c C005     		lsls	r0, r0, #23
 148 004e FFF7FEFF 		bl	HAL_GPIO_Init
 149              	.LVL5:
 150              		.loc 1 114 1 is_stmt 0 view .LVU31
 151 0052 E1E7     		b	.L4
 152              	.L8:
 153              		.align	2
 154              	.L7:
 155 0054 00440040 		.word	1073759232
 156 0058 00100240 		.word	1073876992
 157 005c 04800000 		.word	32772
ARM GAS  /tmp/cccr4cqd.s 			page 6


 158              		.cfi_endproc
 159              	.LFE35:
 161              		.section	.text.HAL_UART_MspDeInit,"ax",%progbits
 162              		.align	1
 163              		.global	HAL_UART_MspDeInit
 164              		.syntax unified
 165              		.code	16
 166              		.thumb_func
 167              		.fpu softvfp
 169              	HAL_UART_MspDeInit:
 170              	.LVL6:
 171              	.LFB36:
 115:Src/stm32l0xx_hal_msp.c **** 
 116:Src/stm32l0xx_hal_msp.c **** /**
 117:Src/stm32l0xx_hal_msp.c **** * @brief UART MSP De-Initialization
 118:Src/stm32l0xx_hal_msp.c **** * This function freeze the hardware resources used in this example
 119:Src/stm32l0xx_hal_msp.c **** * @param huart: UART handle pointer
 120:Src/stm32l0xx_hal_msp.c **** * @retval None
 121:Src/stm32l0xx_hal_msp.c **** */
 122:Src/stm32l0xx_hal_msp.c **** void HAL_UART_MspDeInit(UART_HandleTypeDef* huart)
 123:Src/stm32l0xx_hal_msp.c **** {
 172              		.loc 1 123 1 is_stmt 1 view -0
 173              		.cfi_startproc
 174              		@ args = 0, pretend = 0, frame = 0
 175              		@ frame_needed = 0, uses_anonymous_args = 0
 176              		.loc 1 123 1 is_stmt 0 view .LVU33
 177 0000 10B5     		push	{r4, lr}
 178              	.LCFI2:
 179              		.cfi_def_cfa_offset 8
 180              		.cfi_offset 4, -8
 181              		.cfi_offset 14, -4
 124:Src/stm32l0xx_hal_msp.c ****   if(huart->Instance==USART2)
 182              		.loc 1 124 3 is_stmt 1 view .LVU34
 183              		.loc 1 124 11 is_stmt 0 view .LVU35
 184 0002 0268     		ldr	r2, [r0]
 185              		.loc 1 124 5 view .LVU36
 186 0004 074B     		ldr	r3, .L12
 187 0006 9A42     		cmp	r2, r3
 188 0008 00D0     		beq	.L11
 189              	.LVL7:
 190              	.L9:
 125:Src/stm32l0xx_hal_msp.c ****   {
 126:Src/stm32l0xx_hal_msp.c ****   /* USER CODE BEGIN USART2_MspDeInit 0 */
 127:Src/stm32l0xx_hal_msp.c **** 
 128:Src/stm32l0xx_hal_msp.c ****   /* USER CODE END USART2_MspDeInit 0 */
 129:Src/stm32l0xx_hal_msp.c ****     /* Peripheral clock disable */
 130:Src/stm32l0xx_hal_msp.c ****     __HAL_RCC_USART2_CLK_DISABLE();
 131:Src/stm32l0xx_hal_msp.c ****   
 132:Src/stm32l0xx_hal_msp.c ****     /**USART2 GPIO Configuration    
 133:Src/stm32l0xx_hal_msp.c ****     PA2     ------> USART2_TX
 134:Src/stm32l0xx_hal_msp.c ****     PA15     ------> USART2_RX 
 135:Src/stm32l0xx_hal_msp.c ****     */
 136:Src/stm32l0xx_hal_msp.c ****     HAL_GPIO_DeInit(GPIOA, VCP_TX_Pin|VCP_RX_Pin);
 137:Src/stm32l0xx_hal_msp.c **** 
 138:Src/stm32l0xx_hal_msp.c ****   /* USER CODE BEGIN USART2_MspDeInit 1 */
 139:Src/stm32l0xx_hal_msp.c **** 
 140:Src/stm32l0xx_hal_msp.c ****   /* USER CODE END USART2_MspDeInit 1 */
ARM GAS  /tmp/cccr4cqd.s 			page 7


 141:Src/stm32l0xx_hal_msp.c ****   }
 142:Src/stm32l0xx_hal_msp.c **** 
 143:Src/stm32l0xx_hal_msp.c **** }
 191              		.loc 1 143 1 view .LVU37
 192              		@ sp needed
 193 000a 10BD     		pop	{r4, pc}
 194              	.LVL8:
 195              	.L11:
 130:Src/stm32l0xx_hal_msp.c ****   
 196              		.loc 1 130 5 is_stmt 1 view .LVU38
 197 000c 064A     		ldr	r2, .L12+4
 198 000e 936B     		ldr	r3, [r2, #56]
 199 0010 0649     		ldr	r1, .L12+8
 200 0012 0B40     		ands	r3, r1
 201 0014 9363     		str	r3, [r2, #56]
 136:Src/stm32l0xx_hal_msp.c **** 
 202              		.loc 1 136 5 view .LVU39
 203 0016 A020     		movs	r0, #160
 204              	.LVL9:
 136:Src/stm32l0xx_hal_msp.c **** 
 205              		.loc 1 136 5 is_stmt 0 view .LVU40
 206 0018 0549     		ldr	r1, .L12+12
 207 001a C005     		lsls	r0, r0, #23
 208 001c FFF7FEFF 		bl	HAL_GPIO_DeInit
 209              	.LVL10:
 210              		.loc 1 143 1 view .LVU41
 211 0020 F3E7     		b	.L9
 212              	.L13:
 213 0022 C046     		.align	2
 214              	.L12:
 215 0024 00440040 		.word	1073759232
 216 0028 00100240 		.word	1073876992
 217 002c FFFFFDFF 		.word	-131073
 218 0030 04800000 		.word	32772
 219              		.cfi_endproc
 220              	.LFE36:
 222              		.text
 223              	.Letext0:
 224              		.file 2 "/usr/arm-none-eabi/include/machine/_default_types.h"
 225              		.file 3 "/usr/arm-none-eabi/include/sys/_stdint.h"
 226              		.file 4 "Drivers/CMSIS/Device/ST/STM32L0xx/Include/stm32l031xx.h"
 227              		.file 5 "Drivers/STM32L0xx_HAL_Driver/Inc/stm32l0xx_hal_def.h"
 228              		.file 6 "Drivers/STM32L0xx_HAL_Driver/Inc/stm32l0xx_hal_gpio.h"
 229              		.file 7 "Drivers/STM32L0xx_HAL_Driver/Inc/stm32l0xx_hal_dma.h"
 230              		.file 8 "Drivers/STM32L0xx_HAL_Driver/Inc/stm32l0xx_hal_uart.h"
 231              		.file 9 "<built-in>"
ARM GAS  /tmp/cccr4cqd.s 			page 8


DEFINED SYMBOLS
                            *ABS*:0000000000000000 stm32l0xx_hal_msp.c
     /tmp/cccr4cqd.s:16     .text.HAL_MspInit:0000000000000000 $t
     /tmp/cccr4cqd.s:24     .text.HAL_MspInit:0000000000000000 HAL_MspInit
     /tmp/cccr4cqd.s:50     .text.HAL_MspInit:0000000000000018 $d
     /tmp/cccr4cqd.s:55     .text.HAL_UART_MspInit:0000000000000000 $t
     /tmp/cccr4cqd.s:62     .text.HAL_UART_MspInit:0000000000000000 HAL_UART_MspInit
     /tmp/cccr4cqd.s:155    .text.HAL_UART_MspInit:0000000000000054 $d
     /tmp/cccr4cqd.s:162    .text.HAL_UART_MspDeInit:0000000000000000 $t
     /tmp/cccr4cqd.s:169    .text.HAL_UART_MspDeInit:0000000000000000 HAL_UART_MspDeInit
     /tmp/cccr4cqd.s:215    .text.HAL_UART_MspDeInit:0000000000000024 $d

UNDEFINED SYMBOLS
memset
HAL_GPIO_Init
HAL_GPIO_DeInit
